<?xml version="1.0" encoding="UTF-8"?>
<testng-results skipped="0" failed="0" ignored="0" total="1" passed="1">
  <reporter-output>
  </reporter-output>
  <suite name="Default suite" duration-ms="3449" started-at="2017-11-14T15:15:17Z" finished-at="2017-11-14T15:15:20Z">
    <groups>
    </groups>
    <test name="Default test" duration-ms="3449" started-at="2017-11-14T15:15:17Z" finished-at="2017-11-14T15:15:20Z">
      <class name="com.sso.qa.tests.LoginFunction">
        <test-method status="PASS" signature="setUp()[pri:0, instance:com.sso.qa.tests.LoginFunction@5622fdf]" name="setUp" is-config="true" duration-ms="2766" started-at="2017-11-14T22:15:17Z" finished-at="2017-11-14T22:15:20Z">
          <reporter-output>
          </reporter-output>
        </test-method> <!-- setUp -->
        <test-method status="PASS" signature="LoginSuccess()[pri:0, instance:com.sso.qa.tests.LoginFunction@5622fdf]" name="LoginSuccess" duration-ms="647" started-at="2017-11-14T22:15:20Z" finished-at="2017-11-14T22:15:20Z">
          <reporter-output>
          </reporter-output>
        </test-method> <!-- LoginSuccess -->
      </class> <!-- com.sso.qa.tests.LoginFunction -->
    </test> <!-- Default test -->
  </suite> <!-- Default suite -->
</testng-results>
